build/app/intermediates/manifest_merge_blame_file/debug/manifest-merger-blame-debug-report.txt
1<?xml version="1.0" encoding="utf-8"?>
2<manifest xmlns:android="http://schemas.android.com/apk/res/android"
3    package="com.example.campnotes"
4    android:versionCode="1"
5    android:versionName="1.0.0" >
6
7    <uses-sdk
8        android:minSdkVersion="16"
9        android:targetSdkVersion="29" />
10    <!--
11         Flutter needs it to communicate with the running application
12         to allow setting breakpoints, to provide hot reload, etc.
13    -->
14    <uses-permission android:name="android.permission.INTERNET" />
14-->src\debug\AndroidManifest.xml:6:5-66
14-->src\debug\AndroidManifest.xml:6:22-64
15    <uses-permission android:name="android.permission.ACCESS_NETWORK_STATE" />
15-->[com.google.firebase:firebase-auth:21.0.1] AndroidManifest.xml:24:5-79
15-->[com.google.firebase:firebase-auth:21.0.1] AndroidManifest.xml:24:22-76
16    <!--
17 io.flutter.app.FlutterApplication is an android.app.Application that
18         calls FlutterMain.startInitialization(this); in its onCreate method.
19         In most cases you can leave this as-is, but you if you want to provide
20         additional functionality it is fine to subclass or reimplement
21         FlutterApplication and put your custom class here.
22    -->
23    <application
23-->src\main\AndroidManifest.xml:8:5-46:19
24        android:name="io.flutter.app.FlutterApplication"
24-->src\main\AndroidManifest.xml:9:9-57
25        android:appComponentFactory="androidx.core.app.CoreComponentFactory"
25-->[androidx.core:core:1.1.0] AndroidManifest.xml:24:18-86
26        android:debuggable="true"
27        android:icon="@mipmap/ic_launcher"
27-->src\main\AndroidManifest.xml:11:9-43
28        android:label="campnotes" >
28-->src\main\AndroidManifest.xml:10:9-34
29        <activity
29-->src\main\AndroidManifest.xml:12:9-40:20
30            android:name="com.example.campnotes.MainActivity"
30-->src\main\AndroidManifest.xml:13:13-41
31            android:configChanges="orientation|keyboardHidden|keyboard|screenSize|smallestScreenSize|locale|layoutDirection|fontScale|screenLayout|density|uiMode"
31-->src\main\AndroidManifest.xml:16:13-163
32            android:hardwareAccelerated="true"
32-->src\main\AndroidManifest.xml:17:13-47
33            android:launchMode="singleTop"
33-->src\main\AndroidManifest.xml:14:13-43
34            android:theme="@style/LaunchTheme"
34-->src\main\AndroidManifest.xml:15:13-47
35            android:windowSoftInputMode="adjustResize" >
35-->src\main\AndroidManifest.xml:18:13-55
36
37            <!--
38                 Specifies an Android theme to apply to this Activity as soon as
39                 the Android process has started. This theme is visible to the user
40                 while the Flutter UI initializes. After that, this theme continues
41                 to determine the Window background behind the Flutter UI.
42            -->
43            <meta-data
43-->src\main\AndroidManifest.xml:23:13-26:17
44                android:name="io.flutter.embedding.android.NormalTheme"
44-->src\main\AndroidManifest.xml:24:15-70
45                android:resource="@style/NormalTheme" />
45-->src\main\AndroidManifest.xml:25:15-52
46            <!--
47                 Displays an Android View that continues showing the launch screen
48                 Drawable until Flutter paints its first frame, then this splash
49                 screen fades out. A splash screen is useful to avoid any visual
50                 gap between the end of Android's launch screen and the painting of
51                 Flutter's first frame.
52            -->
53            <meta-data
53-->src\main\AndroidManifest.xml:32:13-35:17
54                android:name="io.flutter.embedding.android.SplashScreenDrawable"
54-->src\main\AndroidManifest.xml:33:15-79
55                android:resource="@drawable/launch_background" />
55-->src\main\AndroidManifest.xml:34:15-61
56
57            <intent-filter>
57-->src\main\AndroidManifest.xml:36:13-39:29
58                <action android:name="android.intent.action.MAIN" />
58-->src\main\AndroidManifest.xml:37:17-68
58-->src\main\AndroidManifest.xml:37:25-66
59
60                <category android:name="android.intent.category.LAUNCHER" />
60-->src\main\AndroidManifest.xml:38:17-76
60-->src\main\AndroidManifest.xml:38:27-74
61            </intent-filter>
62        </activity>
63        <!--
64             Don't delete the meta-data below.
65             This is used by the Flutter tool to generate GeneratedPluginRegistrant.java
66        -->
67        <meta-data
67-->src\main\AndroidManifest.xml:43:9-45:33
68            android:name="flutterEmbedding"
68-->src\main\AndroidManifest.xml:44:13-44
69            android:value="2" />
69-->src\main\AndroidManifest.xml:45:13-30
70
71        <service
71-->[:firebase_auth] AndroidManifest.xml:8:9-12:19
72            android:name="com.google.firebase.components.ComponentDiscoveryService"
72-->[:firebase_auth] AndroidManifest.xml:8:18-89
73            android:directBootAware="true"
73-->[com.google.firebase:firebase-common:20.0.0] AndroidManifest.xml:35:13-43
74            android:exported="false" >
74-->[com.google.firebase:firebase-auth:21.0.1] AndroidManifest.xml:76:13-37
75            <meta-data
75-->[:firebase_auth] AndroidManifest.xml:9:13-11:85
76                android:name="com.google.firebase.components:io.flutter.plugins.firebase.auth.FlutterFirebaseAuthRegistrar"
76-->[:firebase_auth] AndroidManifest.xml:10:17-124
77                android:value="com.google.firebase.components.ComponentRegistrar" />
77-->[:firebase_auth] AndroidManifest.xml:11:17-82
78            <meta-data
78-->[:firebase_core] AndroidManifest.xml:9:13-11:85
79                android:name="com.google.firebase.components:io.flutter.plugins.firebase.core.FlutterFirebaseCoreRegistrar"
79-->[:firebase_core] AndroidManifest.xml:10:17-124
80                android:value="com.google.firebase.components.ComponentRegistrar" />
80-->[:firebase_core] AndroidManifest.xml:11:17-82
81            <meta-data
81-->[com.google.firebase:firebase-auth:21.0.1] AndroidManifest.xml:77:13-79:85
82                android:name="com.google.firebase.components:com.google.firebase.auth.FirebaseAuthRegistrar"
82-->[com.google.firebase:firebase-auth:21.0.1] AndroidManifest.xml:78:17-109
83                android:value="com.google.firebase.components.ComponentRegistrar" />
83-->[com.google.firebase:firebase-auth:21.0.1] AndroidManifest.xml:79:17-82
84        </service>
85
86        <activity
86-->[com.google.firebase:firebase-auth:21.0.1] AndroidManifest.xml:27:9-44:20
87            android:name="com.google.firebase.auth.internal.GenericIdpActivity"
87-->[com.google.firebase:firebase-auth:21.0.1] AndroidManifest.xml:28:13-80
88            android:excludeFromRecents="true"
88-->[com.google.firebase:firebase-auth:21.0.1] AndroidManifest.xml:29:13-46
89            android:exported="true"
89-->[com.google.firebase:firebase-auth:21.0.1] AndroidManifest.xml:30:13-36
90            android:launchMode="singleTask"
90-->[com.google.firebase:firebase-auth:21.0.1] AndroidManifest.xml:31:13-44
91            android:theme="@android:style/Theme.Translucent.NoTitleBar" >
91-->[com.google.firebase:firebase-auth:21.0.1] AndroidManifest.xml:32:13-72
92            <intent-filter>
92-->[com.google.firebase:firebase-auth:21.0.1] AndroidManifest.xml:33:13-43:29
93                <action android:name="android.intent.action.VIEW" />
93-->[com.google.firebase:firebase-auth:21.0.1] AndroidManifest.xml:34:17-69
93-->[com.google.firebase:firebase-auth:21.0.1] AndroidManifest.xml:34:25-66
94
95                <category android:name="android.intent.category.DEFAULT" />
95-->[com.google.firebase:firebase-auth:21.0.1] AndroidManifest.xml:36:17-76
95-->[com.google.firebase:firebase-auth:21.0.1] AndroidManifest.xml:36:27-73
96                <category android:name="android.intent.category.BROWSABLE" />
96-->[com.google.firebase:firebase-auth:21.0.1] AndroidManifest.xml:37:17-78
96-->[com.google.firebase:firebase-auth:21.0.1] AndroidManifest.xml:37:27-75
97
98                <data
98-->[com.google.firebase:firebase-auth:21.0.1] AndroidManifest.xml:39:17-42:51
99                    android:host="firebase.auth"
99-->[com.google.firebase:firebase-auth:21.0.1] AndroidManifest.xml:40:21-49
100                    android:path="/"
100-->[com.google.firebase:firebase-auth:21.0.1] AndroidManifest.xml:41:21-37
101                    android:scheme="genericidp" />
101-->[com.google.firebase:firebase-auth:21.0.1] AndroidManifest.xml:42:21-48
102            </intent-filter>
103        </activity>
104        <activity
104-->[com.google.firebase:firebase-auth:21.0.1] AndroidManifest.xml:45:9-62:20
105            android:name="com.google.firebase.auth.internal.RecaptchaActivity"
105-->[com.google.firebase:firebase-auth:21.0.1] AndroidManifest.xml:46:13-79
106            android:excludeFromRecents="true"
106-->[com.google.firebase:firebase-auth:21.0.1] AndroidManifest.xml:47:13-46
107            android:exported="true"
107-->[com.google.firebase:firebase-auth:21.0.1] AndroidManifest.xml:48:13-36
108            android:launchMode="singleTask"
108-->[com.google.firebase:firebase-auth:21.0.1] AndroidManifest.xml:49:13-44
109            android:theme="@android:style/Theme.Translucent.NoTitleBar" >
109-->[com.google.firebase:firebase-auth:21.0.1] AndroidManifest.xml:50:13-72
110            <intent-filter>
110-->[com.google.firebase:firebase-auth:21.0.1] AndroidManifest.xml:51:13-61:29
111                <action android:name="android.intent.action.VIEW" />
111-->[com.google.firebase:firebase-auth:21.0.1] AndroidManifest.xml:34:17-69
111-->[com.google.firebase:firebase-auth:21.0.1] AndroidManifest.xml:34:25-66
112
113                <category android:name="android.intent.category.DEFAULT" />
113-->[com.google.firebase:firebase-auth:21.0.1] AndroidManifest.xml:36:17-76
113-->[com.google.firebase:firebase-auth:21.0.1] AndroidManifest.xml:36:27-73
114                <category android:name="android.intent.category.BROWSABLE" />
114-->[com.google.firebase:firebase-auth:21.0.1] AndroidManifest.xml:37:17-78
114-->[com.google.firebase:firebase-auth:21.0.1] AndroidManifest.xml:37:27-75
115
116                <data
116-->[com.google.firebase:firebase-auth:21.0.1] AndroidManifest.xml:39:17-42:51
117                    android:host="firebase.auth"
117-->[com.google.firebase:firebase-auth:21.0.1] AndroidManifest.xml:40:21-49
118                    android:path="/"
118-->[com.google.firebase:firebase-auth:21.0.1] AndroidManifest.xml:41:21-37
119                    android:scheme="recaptcha" />
119-->[com.google.firebase:firebase-auth:21.0.1] AndroidManifest.xml:42:21-48
120            </intent-filter>
121        </activity>
122
123        <service
123-->[com.google.firebase:firebase-auth:21.0.1] AndroidManifest.xml:64:9-73:19
124            android:name="com.google.firebase.auth.api.fallback.service.FirebaseAuthFallbackService"
124-->[com.google.firebase:firebase-auth:21.0.1] AndroidManifest.xml:65:13-101
125            android:enabled="true"
125-->[com.google.firebase:firebase-auth:21.0.1] AndroidManifest.xml:66:13-35
126            android:exported="false" >
126-->[com.google.firebase:firebase-auth:21.0.1] AndroidManifest.xml:67:13-37
127            <intent-filter>
127-->[com.google.firebase:firebase-auth:21.0.1] AndroidManifest.xml:68:13-72:29
128                <action android:name="com.google.firebase.auth.api.gms.service.START" />
128-->[com.google.firebase:firebase-auth:21.0.1] AndroidManifest.xml:69:17-89
128-->[com.google.firebase:firebase-auth:21.0.1] AndroidManifest.xml:69:25-86
129
130                <category android:name="android.intent.category.DEFAULT" />
130-->[com.google.firebase:firebase-auth:21.0.1] AndroidManifest.xml:36:17-76
130-->[com.google.firebase:firebase-auth:21.0.1] AndroidManifest.xml:36:27-73
131            </intent-filter>
132        </service>
133
134        <provider
134-->[com.google.firebase:firebase-common:20.0.0] AndroidManifest.xml:26:9-31:39
135            android:name="com.google.firebase.provider.FirebaseInitProvider"
135-->[com.google.firebase:firebase-common:20.0.0] AndroidManifest.xml:27:13-77
136            android:authorities="com.example.campnotes.firebaseinitprovider"
136-->[com.google.firebase:firebase-common:20.0.0] AndroidManifest.xml:28:13-72
137            android:directBootAware="true"
137-->[com.google.firebase:firebase-common:20.0.0] AndroidManifest.xml:29:13-43
138            android:exported="false"
138-->[com.google.firebase:firebase-common:20.0.0] AndroidManifest.xml:30:13-37
139            android:initOrder="100" />
139-->[com.google.firebase:firebase-common:20.0.0] AndroidManifest.xml:31:13-36
140
141        <activity
141-->[com.google.android.gms:play-services-base:17.1.0] AndroidManifest.xml:23:9-26:75
142            android:name="com.google.android.gms.common.api.GoogleApiActivity"
142-->[com.google.android.gms:play-services-base:17.1.0] AndroidManifest.xml:24:13-79
143            android:exported="false"
143-->[com.google.android.gms:play-services-base:17.1.0] AndroidManifest.xml:25:13-37
144            android:theme="@android:style/Theme.Translucent.NoTitleBar" />
144-->[com.google.android.gms:play-services-base:17.1.0] AndroidManifest.xml:26:13-72
145
146        <meta-data
146-->[com.google.android.gms:play-services-basement:17.1.0] AndroidManifest.xml:23:9-25:69
147            android:name="com.google.android.gms.version"
147-->[com.google.android.gms:play-services-basement:17.1.0] AndroidManifest.xml:24:13-58
148            android:value="@integer/google_play_services_version" />
148-->[com.google.android.gms:play-services-basement:17.1.0] AndroidManifest.xml:25:13-66
149    </application>
150
151</manifest>